<?xml version="1.0" encoding="UTF-8"?>
<testsuite name="TestSuite" time="3.674" tests="2" errors="0" skipped="0" failures="0">
  <properties>
    <property name="java.runtime.name" value="Java(TM) SE Runtime Environment"/>
    <property name="sun.boot.library.path" value="C:\Program Files\Java\jdk1.8.0_202\jre\bin"/>
    <property name="java.vm.version" value="25.202-b08"/>
    <property name="java.vm.vendor" value="Oracle Corporation"/>
    <property name="maven.multiModuleProjectDirectory" value="C:\Users\mnavsupe\.jenkins\workspace\RunRestAssured"/>
    <property name="java.vendor.url" value="http://java.oracle.com/"/>
    <property name="path.separator" value=";"/>
    <property name="guice.disable.misplaced.annotation.check" value="true"/>
    <property name="java.vm.name" value="Java HotSpot(TM) 64-Bit Server VM"/>
    <property name="file.encoding.pkg" value="sun.io"/>
    <property name="user.script" value=""/>
    <property name="user.country" value="US"/>
    <property name="sun.java.launcher" value="SUN_STANDARD"/>
    <property name="sun.os.patch.level" value=""/>
    <property name="java.vm.specification.name" value="Java Virtual Machine Specification"/>
    <property name="user.dir" value="C:\Users\mnavsupe\.jenkins\workspace\RunRestAssured"/>
    <property name="java.runtime.version" value="1.8.0_202-b08"/>
    <property name="java.awt.graphicsenv" value="sun.awt.Win32GraphicsEnvironment"/>
    <property name="java.endorsed.dirs" value="C:\Program Files\Java\jdk1.8.0_202\jre\lib\endorsed"/>
    <property name="os.arch" value="amd64"/>
    <property name="java.io.tmpdir" value="C:\Users\mnavsupe\AppData\Local\Temp\"/>
    <property name="line.separator" value="&#10;"/>
    <property name="java.vm.specification.vendor" value="Oracle Corporation"/>
    <property name="user.variant" value=""/>
    <property name="os.name" value="Windows 10"/>
    <property name="classworlds.conf" value="D:\Installer\other\AntMaven\ApacheMaven\bin\..\bin\m2.conf"/>
    <property name="sun.jnu.encoding" value="Cp1252"/>
    <property name="java.library.path" value="C:\Program Files\Java\jdk1.8.0_202\bin;C:\WINDOWS\Sun\Java\bin;C:\WINDOWS\system32;C:\WINDOWS;C:\Program Files\Java\jdk-15/bin;C:\Program Files\Java\jdk-15/bin;D:\TIBCO\BW5\round_II_Home\tibrv\8.4\bin;C:\TIBCO\BW5\BW5Upgrade_ADB\tibrv\8.4\bin;D:\TIBCO\BW5\BW5_oldstack\tibrv\8.4\bin;D:\TIBCO\BW5\BW5_upgrade_check\tibrv\8.4\bin;C:\TIBCO\BW5\BW5.15_upgrade\tibrv\8.4\bin;C:\Program Files\Common Files\Oracle\Java\javapath;C:\TIBCO\BW5\BW5_automation\tibrv\8.4\bin;C:\TIBCO\BW5\BW67MigrationHome\tibrv\8.4\bin;C:\TIBCO\BW6\BW67V32\tibrv\8.4\bin;C:\Program Files (x86)\VMware\VMware Workstation\bin\;C:\Program Files (x86)\Common Files\Oracle\Java\javapath;C:\WINDOWS\system32;C:\WINDOWS;C:\WINDOWS\System32\Wbem;C:\WINDOWS\System32\WindowsPowerShell\v1.0\;C:\WINDOWS\System32\OpenSSH\;C:\Program Files\Java\jdk1.8.0_202;C:\Program Files\TortoiseSVN\bin;D:\Installer\apache-ant-1.10.8-bin\apache-ant-1.10.8\bin;D:\Installer\apache-ant-1.10.8-bin\apache-ant-1.10.8;D:\Installer\other\AntMaven\ApacheMaven\bin;C:\Program Files\PIPC\bin\;C:\Program Files (x86)\PIPC\JDBC;C:\Program Files\PIPC\JDBC;C:\Program Files\Git\cmd;C:\TIBCO\BW5\BW5.15_latest\tibrv\8.5\bin;;C:\Program Files\Docker\Docker\resources\bin;C:\ProgramData\DockerDesktop\version-bin;C:\Program Files (x86)\VMware\VMware Workstation\bin\;C:\TIBCO\BW6\BW67_migration_home\tibrv\8.4\bin;C:\TIBCO\BW5\BW514\tibrv\8.4\bin;C:\Program Files (x86)\Common Files\Oracle\Java\javapath;C:\Program Files\Common Files\Oracle\Java\javapath;C:\WINDOWS\system32;C:\WINDOWS;C:\WINDOWS\System32\Wbem;C:\WINDOWS\System32\WindowsPowerShell\v1.0\;C:\WINDOWS\System32\OpenSSH\;C:\Program Files\Java\jdk1.8.0_202;C:\Program Files\TortoiseSVN\bin;D:\Installer\apache-ant-1.10.8-bin\apache-ant-1.10.8\bin;D:\Installer\apache-ant-1.10.8-bin\apache-ant-1.10.8;D:\Installer\other\AntMaven\ApacheMaven\bin;C:\Users\mnavsupe\AppData\Local\Microsoft\WindowsApps;D:\Installer\apache-ant-1.10.8-bin\apache-ant-1.10.8\bin;D:\mayur\other\selenium\selenium-java-3.141.59;C:\Python34\Scripts;."/>
    <property name="maven.conf" value="D:\Installer\other\AntMaven\ApacheMaven\bin\../conf"/>
    <property name="java.specification.name" value="Java Platform API Specification"/>
    <property name="java.class.version" value="52.0"/>
    <property name="sun.management.compiler" value="HotSpot 64-Bit Tiered Compilers"/>
    <property name="os.version" value="10.0"/>
    <property name="library.jansi.path" value="D:\Installer\other\AntMaven\ApacheMaven\bin\..\lib\jansi-native"/>
    <property name="user.home" value="C:\Users\mnavsupe"/>
    <property name="user.timezone" value="Asia/Calcutta"/>
    <property name="java.awt.printerjob" value="sun.awt.windows.WPrinterJob"/>
    <property name="java.specification.version" value="1.8"/>
    <property name="file.encoding" value="Cp1252"/>
    <property name="user.name" value="mnavsupe"/>
    <property name="java.class.path" value="D:\Installer\other\AntMaven\ApacheMaven\bin\..\boot\plexus-classworlds-2.5.2.jar"/>
    <property name="java.vm.specification.version" value="1.8"/>
    <property name="sun.arch.data.model" value="64"/>
    <property name="java.home" value="C:\Program Files\Java\jdk1.8.0_202\jre"/>
    <property name="sun.java.command" value="org.codehaus.plexus.classworlds.launcher.Launcher -f C:\Users\mnavsupe\git\restAssured_with_git_hook\CheckAPI\pom.xml clean install"/>
    <property name="java.specification.vendor" value="Oracle Corporation"/>
    <property name="user.language" value="en"/>
    <property name="awt.toolkit" value="sun.awt.windows.WToolkit"/>
    <property name="java.vm.info" value="mixed mode"/>
    <property name="java.version" value="1.8.0_202"/>
    <property name="java.ext.dirs" value="C:\Program Files\Java\jdk1.8.0_202\jre\lib\ext;C:\WINDOWS\Sun\Java\lib\ext"/>
    <property name="sun.boot.class.path" value="C:\Program Files\Java\jdk1.8.0_202\jre\lib\resources.jar;C:\Program Files\Java\jdk1.8.0_202\jre\lib\rt.jar;C:\Program Files\Java\jdk1.8.0_202\jre\lib\sunrsasign.jar;C:\Program Files\Java\jdk1.8.0_202\jre\lib\jsse.jar;C:\Program Files\Java\jdk1.8.0_202\jre\lib\jce.jar;C:\Program Files\Java\jdk1.8.0_202\jre\lib\charsets.jar;C:\Program Files\Java\jdk1.8.0_202\jre\lib\jfr.jar;C:\Program Files\Java\jdk1.8.0_202\jre\classes"/>
    <property name="java.vendor" value="Oracle Corporation"/>
    <property name="maven.home" value="D:\Installer\other\AntMaven\ApacheMaven\bin\.."/>
    <property name="file.separator" value="\"/>
    <property name="java.vendor.url.bug" value="http://bugreport.sun.com/bugreport/"/>
    <property name="sun.cpu.endian" value="little"/>
    <property name="sun.io.unicode.encoding" value="UnicodeLittle"/>
    <property name="sun.desktop" value="windows"/>
    <property name="sun.cpu.isalist" value="amd64"/>
  </properties>
  <testcase name="CheckFirstTest" classname="testAPI.CheckOPEN_API" time="0.004"/>
  <testcase name="VerifyStatusCode" classname="testAPI.CheckOPEN_API" time="3.67"/>
</testsuite>