<?xml version="1.0" encoding="UTF-8"?>
<!-- Generated by org.testng.reporters.JUnitReportReporter -->
<testsuite hostname="mnavsupe-t14" failures="0" tests="2" name="testAPI.CheckOPEN_API" time="2.951" errors="0" timestamp="2021-07-10T11:24:12 IST" skipped="0">
  <testcase classname="testAPI.CheckOPEN_API" name="VerifyStatusCode" time="2.945"/>
  <system-out/>
  <testcase classname="testAPI.CheckOPEN_API" name="CheckFirstTest" time="0.006"/>
  <system-out/>
</testsuite> <!-- testAPI.CheckOPEN_API -->
