<?xml version="1.0" encoding="UTF-8"?>
<!-- Generated by org.testng.reporters.JUnitReportReporter -->
<testsuite hostname="mnavsupe-t14" failures="0" tests="2" name="testAPI.CheckOPEN_API" time="3.253" errors="0" timestamp="2021-07-09T15:18:13 IST" skipped="0">
  <testcase classname="testAPI.CheckOPEN_API" name="Check" time="0.002"/>
  <system-out/>
  <testcase classname="testAPI.CheckOPEN_API" name="API" time="3.251"/>
  <system-out/>
</testsuite> <!-- testAPI.CheckOPEN_API -->
