<?xml version="1.0" encoding="UTF-8"?>
<!-- Generated by org.testng.reporters.JUnitReportReporter -->
<testsuite skipped="0" hostname="mnavsupe-t14" name="testAPI.CheckOPEN_API" tests="2" failures="0" timestamp="2021-07-09T15:27:03 IST" time="3.439" errors="0">
  <testcase name="Check" time="0.000" classname="testAPI.CheckOPEN_API"/>
  <system-out/>
  <testcase name="API" time="3.439" classname="testAPI.CheckOPEN_API"/>
  <system-out/>
</testsuite> <!-- testAPI.CheckOPEN_API -->
