<?xml version="1.0" encoding="UTF-8"?>
<!-- Generated by org.testng.reporters.JUnitReportReporter -->
<testsuite skipped="0" hostname="mnavsupe-t14" name="testAPI.CheckOPEN_API" tests="2" failures="0" timestamp="2021-07-09T16:03:43 IST" time="3.673" errors="0">
  <testcase name="CheckFirstTest" time="0.003" classname="testAPI.CheckOPEN_API"/>
  <system-out/>
  <testcase name="VerifyStatusCode" time="3.670" classname="testAPI.CheckOPEN_API"/>
  <system-out/>
</testsuite> <!-- testAPI.CheckOPEN_API -->
