<?xml version="1.0" encoding="UTF-8"?>
<!-- Generated by org.testng.reporters.JUnitReportReporter -->
<testsuite skipped="0" hostname="mnavsupe-t14" name="testAPI.CheckOPEN_API" tests="2" failures="0" timestamp="2021-07-09T16:02:33 IST" time="3.385" errors="0">
  <testcase name="API" time="3.384" classname="testAPI.CheckOPEN_API"/>
  <system-out/>
  <testcase name="CheckFirstTest" time="0.001" classname="testAPI.CheckOPEN_API"/>
  <system-out/>
</testsuite> <!-- testAPI.CheckOPEN_API -->
